<?xml version="1.0" encoding="UTF-8"?>
<testsuite xmlns:xsi="http://www.w3.org/2001/XMLSchema-instance" xsi:noNamespaceSchemaLocation="https://maven.apache.org/surefire/maven-surefire-plugin/xsd/surefire-test-report-3.0.xsd" version="3.0" name="TestSuite" time="0.655" tests="2" errors="0" skipped="0" failures="1">
  <properties>
[...]
</properties>
  <testcase name="m1" classname="DemoTest" time="0.012"/>
  <testcase name="m2" classname="DemoTest" time="0.019">
    <failure message="expected [Rahul] but found [Test]" type="java.lang.AssertionError"><![CDATA[java.lang.AssertionError: expected [Rahul] but found [Test]
	at DemoTest.m2(DemoTest.java:16)
]]></failure>
  </testcase>
</testsuite>